2024-11-12 12:37:48,271 - INFO - New connection established from IPv4Address(type='TCP', host='127.0.0.1', port=64237).
2024-11-12 12:39:03,453 - INFO - New connection established from IPv4Address(type='TCP', host='127.0.0.1', port=64331).
2024-11-12 12:39:06,077 - DEBUG - Received input: b'Array'
2024-11-12 12:39:06,077 - INFO - User Array logged in.
2024-11-12 12:39:08,226 - DEBUG - Received input: b'1salvice'
2024-11-12 12:39:08,227 - DEBUG - Player Array is now tracked in room 1000.
2024-11-12 12:39:08,227 - DEBUG - Room displayed for Array: The Celestial Garden
2024-11-12 12:39:08,227 - INFO - User Array successfully logged in.
2024-11-12 12:39:09,679 - DEBUG - Received input: b'shutdown'
2024-11-12 12:39:09,679 - INFO - Executing command shutdown for user Array with args [].
2024-11-12 12:39:09,680 - INFO - User Array initiated shutdown.
2024-11-12 12:47:37,903 - INFO - New connection established from IPv4Address(type='TCP', host='127.0.0.1', port=64935).
2024-11-12 12:47:40,028 - DEBUG - Received input: b'Array'
2024-11-12 12:47:40,029 - INFO - User Array logged in.
2024-11-12 12:47:43,062 - DEBUG - Received input: b'1salvice'
2024-11-12 12:47:43,062 - DEBUG - Player Array is now tracked in room 1000.
2024-11-12 12:47:43,062 - DEBUG - Room displayed for Array: The Celestial Garden
2024-11-12 12:47:43,063 - INFO - User Array successfully logged in.
2024-11-12 12:47:45,616 - DEBUG - Received input: b'east'
2024-11-12 12:47:45,617 - INFO - Executing command east for user Array with args [].
2024-11-12 12:47:52,427 - DEBUG - Received input: b'goto 2001'
2024-11-12 12:47:52,427 - INFO - Executing command goto for user Array with args ['2001'].
2024-11-12 12:47:53,998 - DEBUG - Received input: b'look'
2024-11-12 12:47:53,998 - INFO - Executing command look for user Array with args [].
2024-11-12 12:47:57,001 - DEBUG - Received input: b'copyover'
2024-11-12 12:47:57,001 - INFO - Executing command copyover for user Array with args [].
2024-11-12 12:47:57,001 - INFO - User Array initiated copyover.
2024-11-12 12:48:45,051 - INFO - New connection established from IPv4Address(type='TCP', host='127.0.0.1', port=65029).
2024-11-12 12:48:47,827 - DEBUG - Received input: b'Array'
2024-11-12 12:48:47,828 - INFO - User Array logged in.
2024-11-12 12:48:49,006 - DEBUG - Received input: b'1salvice'
2024-11-12 12:48:49,007 - DEBUG - Player Array is now tracked in room 1000.
2024-11-12 12:48:49,007 - DEBUG - Room displayed for Array: The Celestial Garden
2024-11-12 12:48:49,007 - INFO - User Array successfully logged in.
2024-11-12 12:51:09,167 - DEBUG - Received input: b'copyover'
2024-11-12 12:51:09,167 - INFO - Executing command copyover for user Array with args [].
2024-11-12 12:51:09,168 - INFO - User Array initiated copyover.
2024-11-12 12:51:11,904 - INFO - New connection established from IPv4Address(type='TCP', host='127.0.0.1', port=65222).
2024-11-12 12:51:14,915 - DEBUG - Received input: b'array'
2024-11-12 12:51:14,916 - INFO - New user array is registering.
2024-11-12 12:51:18,840 - DEBUG - Received input: b'1salvice'
2024-11-12 12:51:18,851 - DEBUG - Player array is now tracked in room 1000.
2024-11-12 12:51:18,851 - DEBUG - Room displayed for array: The Celestial Garden
2024-11-12 12:51:18,852 - INFO - User array registered successfully.
2024-11-12 12:51:21,510 - DEBUG - Received input: b'copyover'
2024-11-12 12:51:21,510 - INFO - Executing command copyover for user array with args [].
2024-11-12 12:51:21,512 - INFO - User array initiated copyover.
2024-11-12 12:51:24,231 - INFO - New connection established from IPv4Address(type='TCP', host='127.0.0.1', port=65225).
2024-11-12 12:51:26,199 - DEBUG - Received input: b'Array'
2024-11-12 12:51:26,199 - INFO - User Array logged in.
2024-11-12 12:51:27,278 - DEBUG - Received input: b'1salvice'
2024-11-12 12:51:27,279 - DEBUG - Player Array is now tracked in room 1000.
2024-11-12 12:51:27,279 - DEBUG - Room displayed for Array: The Celestial Garden
2024-11-12 12:51:27,279 - INFO - User Array successfully logged in.
2024-11-12 12:51:31,709 - DEBUG - Received input: b'copyover'
2024-11-12 12:51:31,709 - INFO - Executing command copyover for user Array with args [].
2024-11-12 12:51:31,710 - INFO - User Array initiated copyover.
2024-11-12 12:52:13,339 - INFO - New connection established from IPv4Address(type='TCP', host='127.0.0.1', port=65298).
2024-11-12 12:52:14,976 - DEBUG - Received input: b'Array'
2024-11-12 12:52:14,976 - INFO - User Array logged in.
2024-11-12 12:52:16,111 - DEBUG - Received input: b'1salvice'
2024-11-12 12:52:16,112 - DEBUG - Player Array is now tracked in room 1000.
2024-11-12 12:52:16,112 - DEBUG - Room displayed for Array: The Celestial Garden
2024-11-12 12:52:16,112 - INFO - User Array successfully logged in.
2024-11-12 12:53:50,056 - DEBUG - Received input: b'copyover'
2024-11-12 12:53:50,056 - INFO - Executing command copyover for user Array with args [].
2024-11-12 12:53:50,057 - INFO - User Array initiated copyover.
2024-11-12 12:53:52,877 - INFO - New connection established from IPv4Address(type='TCP', host='127.0.0.1', port=65416).
2024-11-12 12:53:54,569 - DEBUG - Received input: b'Array'
2024-11-12 12:53:54,570 - INFO - User Array logged in.
2024-11-12 12:53:55,704 - DEBUG - Received input: b'1salvice'
2024-11-12 12:53:55,705 - DEBUG - Player Array is now tracked in room 1000.
2024-11-12 12:53:55,706 - DEBUG - Room displayed for Array: The Celestial Garden
2024-11-12 12:53:55,706 - INFO - User Array successfully logged in.
2024-11-12 12:53:57,677 - DEBUG - Received input: b'copyover'
2024-11-12 12:53:57,677 - INFO - Executing command copyover for user Array with args [].
2024-11-12 12:53:57,678 - INFO - User Array initiated copyover.
2024-11-12 13:44:28,476 - INFO - New connection established from IPv4Address(type='TCP', host='127.0.0.1', port=53283).
2024-11-12 13:44:32,745 - DEBUG - Received input: b'Array'
2024-11-12 13:44:32,746 - INFO - User Array logged in.
2024-11-12 13:44:34,126 - DEBUG - Received input: b'1salvice'
2024-11-12 13:44:34,126 - DEBUG - Player Array is now tracked in room 1000.
2024-11-12 13:44:34,127 - DEBUG - Room displayed for Array: The Celestial Garden
2024-11-12 13:44:34,127 - INFO - User Array successfully logged in.
2024-11-12 13:45:38,924 - DEBUG - Received input: b'copyover'
2024-11-12 13:45:38,925 - INFO - Executing command copyover for user Array with args [].
2024-11-12 13:45:38,926 - INFO - User Array initiated copyover.
2024-11-12 13:45:41,754 - INFO - New connection established from IPv4Address(type='TCP', host='127.0.0.1', port=53375).
2024-11-12 13:46:00,608 - DEBUG - Received input: b'1salvice'
2024-11-12 13:46:00,609 - INFO - New user 1salvice is registering.
2024-11-12 13:46:06,227 - DEBUG - Received input: b'sdfasdf'
2024-11-12 13:46:06,237 - DEBUG - Player 1salvice is now tracked in room 1000.
2024-11-12 13:46:06,238 - DEBUG - Room displayed for 1salvice: The Celestial Garden
2024-11-12 13:46:06,238 - INFO - User 1salvice registered successfully.
2024-11-12 13:46:08,938 - DEBUG - Received input: b'copyover'
2024-11-12 13:46:08,938 - INFO - Executing command copyover for user 1salvice with args [].
2024-11-12 13:46:08,939 - INFO - User 1salvice initiated copyover.
2024-11-12 13:46:12,019 - INFO - New connection established from IPv4Address(type='TCP', host='127.0.0.1', port=53400).
2024-11-12 13:46:12,033 - DEBUG - Received input: b'Array'
2024-11-12 13:46:12,033 - INFO - User Array logged in.
2024-11-12 13:46:12,046 - DEBUG - Received input: b'1salvice'
2024-11-12 13:46:12,047 - DEBUG - Player Array is now tracked in room 1000.
2024-11-12 13:46:12,047 - DEBUG - Room displayed for Array: The Celestial Garden
2024-11-12 13:46:12,047 - INFO - User Array successfully logged in.
2024-11-12 14:51:33,686 - DEBUG - Received input: b'copyover'
2024-11-12 14:51:33,687 - INFO - Executing command copyover for user Array with args [].
2024-11-12 14:51:33,687 - INFO - User Array initiated copyover.
2024-11-12 15:23:12,481 - INFO - New connection established from IPv4Address(type='TCP', host='127.0.0.1', port=61118).
2024-11-12 15:23:12,484 - DEBUG - Received input: b'Array'
2024-11-12 15:23:12,485 - ERROR - Error processing input b'Array': 'NinjaMUDProtocol' object has no attribute 'handle_username'
Traceback (most recent call last):
  File "C:\EVE\MUDs\Ninja\shinobi_mud_0.3.6.py", line 77, in lineReceived
    self.handle_username(line)
AttributeError: 'NinjaMUDProtocol' object has no attribute 'handle_username'
2024-11-12 15:23:32,028 - DEBUG - Received input: b'Array'
2024-11-12 15:23:32,028 - ERROR - Error processing input b'Array': 'NinjaMUDProtocol' object has no attribute 'handle_username'
Traceback (most recent call last):
  File "C:\EVE\MUDs\Ninja\shinobi_mud_0.3.6.py", line 77, in lineReceived
    self.handle_username(line)
AttributeError: 'NinjaMUDProtocol' object has no attribute 'handle_username'
2024-11-12 15:23:34,711 - DEBUG - Received input: b'Manorbis'
2024-11-12 15:23:34,711 - ERROR - Error processing input b'Manorbis': 'NinjaMUDProtocol' object has no attribute 'handle_username'
Traceback (most recent call last):
  File "C:\EVE\MUDs\Ninja\shinobi_mud_0.3.6.py", line 77, in lineReceived
    self.handle_username(line)
AttributeError: 'NinjaMUDProtocol' object has no attribute 'handle_username'
2024-11-12 15:29:52,431 - INFO - New connection established from IPv4Address(type='TCP', host='127.0.0.1', port=61602).
2024-11-12 15:29:55,225 - DEBUG - Received input: b'Array'
2024-11-12 15:29:55,226 - INFO - New user Array is registering.
2024-11-12 15:29:58,600 - DEBUG - Received input: b'1salvice'
2024-11-12 15:29:58,611 - DEBUG - Player Array is now tracked in room 1000.
2024-11-12 15:29:58,611 - ERROR - Room with ID 1000 not found for user Array.
2024-11-12 15:29:58,611 - INFO - User Array registered successfully.
2024-11-12 15:30:04,148 - DEBUG - Received input: b'status'
2024-11-12 15:30:04,149 - INFO - Executing command status for user Array with args [].
2024-11-12 15:33:38,748 - INFO - New connection established from IPv4Address(type='TCP', host='127.0.0.1', port=61888).
2024-11-12 15:33:41,802 - DEBUG - Received input: b'Array'
2024-11-12 15:33:41,803 - INFO - New user Array is registering.
2024-11-12 15:33:43,745 - DEBUG - Received input: b'1salvice'
2024-11-12 15:33:43,753 - DEBUG - Player Array is now tracked in room 1000.
2024-11-12 15:33:43,754 - DEBUG - Room displayed for Array: Default Room
2024-11-12 15:33:43,754 - INFO - User Array registered successfully.
2024-11-12 15:33:47,607 - DEBUG - Received input: b'status'
2024-11-12 15:33:47,608 - INFO - Executing command status for user Array with args [].
2024-11-12 15:42:58,398 - INFO - New connection established from IPv4Address(type='TCP', host='127.0.0.1', port=62581).
2024-11-12 15:43:00,585 - DEBUG - Received input: b'Array'
2024-11-12 15:43:00,586 - INFO - New user Array is registering.
2024-11-12 15:43:03,001 - DEBUG - Received input: b'1salvice'
2024-11-12 15:43:03,012 - DEBUG - Player Array is now tracked in room 1000.
2024-11-12 15:43:03,013 - DEBUG - Room displayed for Array: Default Room
2024-11-12 15:43:03,013 - INFO - User Array registered successfully.
2024-11-12 15:43:07,347 - DEBUG - Received input: b'status'
2024-11-12 15:43:07,348 - INFO - Executing command status for user Array with args [].
2024-11-12 16:26:06,548 - INFO - New connection established from IPv4Address(type='TCP', host='127.0.0.1', port=49453).
2024-11-12 16:26:08,462 - DEBUG - Received input: b'Array'
2024-11-12 16:26:08,462 - INFO - New user Array is registering.
2024-11-12 16:26:10,799 - DEBUG - Received input: b'1salvice'
2024-11-12 16:26:12,754 - DEBUG - Received input: b'1salvice'
2024-11-12 16:26:16,539 - DEBUG - Received input: b'a'
2024-11-12 16:26:24,825 - DEBUG - Received input: b'intelligence'
2024-11-12 16:26:29,712 - DEBUG - Received input: b'look'
2024-11-12 16:26:29,712 - ERROR - Error processing input b'look': a bytes-like object is required, not 'str'
Traceback (most recent call last):
  File "C:\EVE\MUDs\Ninja\Shinobi_mud\shinobi_mud_0.4.13.py", line 105, in lineReceived
    self.handle_command(line)
  File "C:\EVE\MUDs\Ninja\Shinobi_mud\shinobi_mud_0.4.13.py", line 189, in handle_command
    parts = command.strip().split(' ', 1)
TypeError: a bytes-like object is required, not 'str'
2024-11-12 16:45:51,839 - INFO - New connection established from IPv4Address(type='TCP', host='127.0.0.1', port=50940).
2024-11-12 16:45:54,708 - DEBUG - Received input: b'Array'
2024-11-12 16:45:54,708 - INFO - New user Array is registering.
2024-11-12 16:45:56,891 - DEBUG - Received input: b'1salvice'
2024-11-12 16:45:56,894 - DEBUG - Player Array is now tracked in room 1000.
2024-11-12 16:45:56,895 - DEBUG - Room displayed for Array: Default Room
2024-11-12 16:45:56,895 - INFO - User Array registered successfully.
2024-11-12 16:52:12,050 - INFO - New connection established from IPv4Address(type='TCP', host='127.0.0.1', port=51430).
2024-11-12 16:52:13,632 - DEBUG - Received input: b'Array'
2024-11-12 16:52:13,633 - INFO - New user Array is registering.
2024-11-12 16:52:15,899 - DEBUG - Received input: b'1salvice'
2024-11-12 16:52:15,907 - DEBUG - Player Array is now tracked in room 1000.
2024-11-12 16:52:15,907 - INFO - User Array registered successfully.
2024-11-12 16:52:19,143 - DEBUG - Received input: b'adslfkgmnadsjklgvngmna'
2024-11-12 16:52:19,144 - ERROR - Error in state COMMAND: a bytes-like object is required, not 'str'
Traceback (most recent call last):
  File "C:\EVE\MUDs\Ninja\Shinobi_mud\shinobi_mud_0.4.14.py", line 107, in lineReceived
    self.handle_command(line)
  File "C:\EVE\MUDs\Ninja\Shinobi_mud\shinobi_mud_0.4.14.py", line 198, in handle_command
    parts = command.split(' ', 1)
TypeError: a bytes-like object is required, not 'str'
2024-11-12 16:52:19,304 - DEBUG - Received input: b'dsfgb'
2024-11-12 16:52:19,304 - ERROR - Error in state COMMAND: a bytes-like object is required, not 'str'
Traceback (most recent call last):
  File "C:\EVE\MUDs\Ninja\Shinobi_mud\shinobi_mud_0.4.14.py", line 107, in lineReceived
    self.handle_command(line)
  File "C:\EVE\MUDs\Ninja\Shinobi_mud\shinobi_mud_0.4.14.py", line 198, in handle_command
    parts = command.split(' ', 1)
TypeError: a bytes-like object is required, not 'str'
2024-11-12 16:52:19,928 - DEBUG - Received input: b'ag'
2024-11-12 16:52:19,928 - ERROR - Error in state COMMAND: a bytes-like object is required, not 'str'
Traceback (most recent call last):
  File "C:\EVE\MUDs\Ninja\Shinobi_mud\shinobi_mud_0.4.14.py", line 107, in lineReceived
    self.handle_command(line)
  File "C:\EVE\MUDs\Ninja\Shinobi_mud\shinobi_mud_0.4.14.py", line 198, in handle_command
    parts = command.split(' ', 1)
TypeError: a bytes-like object is required, not 'str'
2024-11-12 16:52:21,753 - DEBUG - Received input: b'status'
2024-11-12 16:52:21,754 - ERROR - Error in state COMMAND: a bytes-like object is required, not 'str'
Traceback (most recent call last):
  File "C:\EVE\MUDs\Ninja\Shinobi_mud\shinobi_mud_0.4.14.py", line 107, in lineReceived
    self.handle_command(line)
  File "C:\EVE\MUDs\Ninja\Shinobi_mud\shinobi_mud_0.4.14.py", line 198, in handle_command
    parts = command.split(' ', 1)
TypeError: a bytes-like object is required, not 'str'
2024-11-12 16:52:28,691 - DEBUG - Received input: b'goto 1001'
2024-11-12 16:52:28,691 - ERROR - Error in state COMMAND: a bytes-like object is required, not 'str'
Traceback (most recent call last):
  File "C:\EVE\MUDs\Ninja\Shinobi_mud\shinobi_mud_0.4.14.py", line 107, in lineReceived
    self.handle_command(line)
  File "C:\EVE\MUDs\Ninja\Shinobi_mud\shinobi_mud_0.4.14.py", line 198, in handle_command
    parts = command.split(' ', 1)
TypeError: a bytes-like object is required, not 'str'
2024-11-12 16:52:46,214 - INFO - New connection established from IPv4Address(type='TCP', host='127.0.0.1', port=51478).
2024-11-12 16:52:49,103 - DEBUG - Received input: b'Array'
2024-11-12 16:52:49,103 - INFO - New user Array is registering.
2024-11-12 16:52:50,761 - DEBUG - Received input: b'1salvice'
2024-11-12 16:52:50,789 - DEBUG - Player Array is now tracked in room 1000.
2024-11-12 16:52:50,789 - INFO - User Array registered successfully.
2024-11-12 16:53:20,645 - DEBUG - Received input: b'status'
2024-11-12 16:53:20,645 - ERROR - Error in state COMMAND: a bytes-like object is required, not 'str'
Traceback (most recent call last):
  File "C:\EVE\MUDs\Ninja\Shinobi_mud\shinobi_mud_0.4.14.py", line 107, in lineReceived
    self.handle_command(line)
  File "C:\EVE\MUDs\Ninja\Shinobi_mud\shinobi_mud_0.4.14.py", line 198, in handle_command
    parts = command.split(' ', 1)
TypeError: a bytes-like object is required, not 'str'
2024-11-12 16:56:17,773 - INFO - New connection established from IPv4Address(type='TCP', host='127.0.0.1', port=51740).
2024-11-12 16:56:20,313 - DEBUG - Received input: b'Array'
2024-11-12 16:56:20,314 - INFO - User Array logged in.
2024-11-12 16:56:23,376 - DEBUG - Received input: b'1salvice'
2024-11-12 16:56:23,377 - DEBUG - Player Array is now tracked in room 1000.
2024-11-12 16:56:23,377 - INFO - User Array successfully logged in.
2024-11-12 16:56:29,246 - DEBUG - Received input: b'shutdown'
2024-11-12 16:56:29,246 - INFO - Executing command shutdown for user Array with args [].
2024-11-12 16:56:29,246 - INFO - User Array initiated shutdown.
2024-11-12 16:56:36,040 - INFO - New connection established from IPv4Address(type='TCP', host='127.0.0.1', port=51766).
2024-11-12 16:56:38,406 - DEBUG - Received input: b'Array'
2024-11-12 16:56:38,406 - INFO - New user Array is registering.
2024-11-12 16:56:40,138 - DEBUG - Received input: b'1salvice'
2024-11-12 16:56:40,143 - DEBUG - Player Array is now tracked in room 1000.
2024-11-12 16:56:40,144 - INFO - User Array registered successfully.
2024-11-12 17:02:38,670 - INFO - New connection established from IPv4Address(type='TCP', host='127.0.0.1', port=52212).
2024-11-12 17:03:03,195 - ERROR - Error in state COMMAND: 'NinjaMUDProtocol' object has no attribute 'display_room'
Traceback (most recent call last):
  File "C:\EVE\MUDs\Ninja\Shinobi_mud\shinobi_mud_0.4.14.py", line 109, in lineReceived
    self.allocate_stats(command)
  File "C:\EVE\MUDs\Ninja\Shinobi_mud\shinobi_mud_0.4.14.py", line 204, in allocate_stats
    self.display_room()
AttributeError: 'NinjaMUDProtocol' object has no attribute 'display_room'
2024-11-12 17:03:12,772 - ERROR - Error in state COMMAND: 'NinjaMUDProtocol' object has no attribute 'handle_command'
Traceback (most recent call last):
  File "C:\EVE\MUDs\Ninja\Shinobi_mud\shinobi_mud_0.4.14.py", line 111, in lineReceived
    self.handle_command(command)
AttributeError: 'NinjaMUDProtocol' object has no attribute 'handle_command'
2024-11-12 17:03:16,458 - ERROR - Error in state COMMAND: 'NinjaMUDProtocol' object has no attribute 'handle_command'
Traceback (most recent call last):
  File "C:\EVE\MUDs\Ninja\Shinobi_mud\shinobi_mud_0.4.14.py", line 111, in lineReceived
    self.handle_command(command)
AttributeError: 'NinjaMUDProtocol' object has no attribute 'handle_command'
2024-11-12 17:08:20,322 - INFO - New connection established from IPv4Address(type='TCP', host='127.0.0.1', port=52627).
2024-11-12 17:08:48,080 - INFO - New connection established from IPv4Address(type='TCP', host='127.0.0.1', port=52666).
2024-11-12 17:09:45,276 - INFO - New connection established from IPv4Address(type='TCP', host='127.0.0.1', port=52739).
2024-11-12 17:09:50,216 - ERROR - Error in state COMMAND: 'NinjaMUDProtocol' object has no attribute 'track_player'
Traceback (most recent call last):
  File "C:\EVE\MUDs\Ninja\Shinobi_mud\shinobi_mud_0.4.14.py", line 101, in lineReceived
    self.handle_password(command)
  File "C:\EVE\MUDs\Ninja\Shinobi_mud\shinobi_mud_0.4.14.py", line 141, in handle_password
    self.track_player()
AttributeError: 'NinjaMUDProtocol' object has no attribute 'track_player'
2024-11-12 17:09:51,436 - INFO - Executing command 'status' for user Array with args [].
2024-11-12 17:09:56,638 - INFO - New connection established from IPv4Address(type='TCP', host='127.0.0.1', port=52772).
2024-11-12 17:10:10,680 - ERROR - Error in state COMMAND: 'NinjaMUDProtocol' object has no attribute 'track_player'
Traceback (most recent call last):
  File "C:\EVE\MUDs\Ninja\Shinobi_mud\shinobi_mud_0.4.14.py", line 109, in lineReceived
    self.allocate_stats(command)
  File "C:\EVE\MUDs\Ninja\Shinobi_mud\shinobi_mud_0.4.14.py", line 242, in allocate_stats
    self.track_player()
AttributeError: 'NinjaMUDProtocol' object has no attribute 'track_player'
2024-11-12 17:10:15,908 - INFO - Executing command 'status' for user Manorbis with args [].
2024-11-12 17:11:11,365 - INFO - New connection established from IPv4Address(type='TCP', host='127.0.0.1', port=52873).
2024-11-12 17:19:35,457 - INFO - Database tables ensured.
2024-11-12 17:19:43,851 - INFO - New connection established from IPv4Address(type='TCP', host='127.0.0.1', port=53506).
2024-11-12 17:19:57,691 - INFO - Player Array is now in room 1000.
2024-11-12 17:19:57,692 - ERROR - Error in state COMMAND: 'NinjaMUDProtocol' object has no attribute 'list_players_in_room'
Traceback (most recent call last):
  File "C:\EVE\MUDs\Ninja\Shinobi_mud\shinobi_mud_0.4.14.py", line 111, in lineReceived
    self.allocate_stats(command)
  File "C:\EVE\MUDs\Ninja\Shinobi_mud\shinobi_mud_0.4.14.py", line 257, in allocate_stats
    self.display_room()
  File "C:\EVE\MUDs\Ninja\Shinobi_mud\shinobi_mud_0.4.14.py", line 182, in display_room
    self.list_players_in_room()
AttributeError: 'NinjaMUDProtocol' object has no attribute 'list_players_in_room'
2024-11-12 17:20:10,885 - INFO - Executing command 'goto' for user Array with args ['2001'].
2024-11-12 17:20:12,693 - WARNING - Unknown command 'l' received from Array.
2024-11-12 17:20:14,591 - INFO - Executing command 'west' for user Array with args [].
2024-11-12 17:20:17,059 - INFO - Executing command 'east' for user Array with args [].
2024-11-12 17:20:18,555 - INFO - Executing command 'look' for user Array with args [].
2024-11-12 17:20:19,709 - INFO - Executing command 'south' for user Array with args [].
2024-11-12 17:20:24,199 - INFO - Executing command 'north' for user Array with args [].
2024-11-12 17:21:14,845 - INFO - New connection established from IPv4Address(type='TCP', host='127.0.0.1', port=53622).
2024-11-12 17:21:23,018 - INFO - Player Manorbis is now in room 1000.
2024-11-12 17:21:23,018 - ERROR - Error in state COMMAND: 'NinjaMUDProtocol' object has no attribute 'list_players_in_room'
Traceback (most recent call last):
  File "C:\EVE\MUDs\Ninja\Shinobi_mud\shinobi_mud_0.4.14.py", line 111, in lineReceived
    self.allocate_stats(command)
  File "C:\EVE\MUDs\Ninja\Shinobi_mud\shinobi_mud_0.4.14.py", line 257, in allocate_stats
    self.display_room()
  File "C:\EVE\MUDs\Ninja\Shinobi_mud\shinobi_mud_0.4.14.py", line 182, in display_room
    self.list_players_in_room()
AttributeError: 'NinjaMUDProtocol' object has no attribute 'list_players_in_room'
2024-11-12 17:21:24,982 - INFO - Executing command 'look' for user Manorbis with args [].
2024-11-12 17:21:27,492 - INFO - Executing command 'east' for user Manorbis with args [].
2024-11-12 17:21:28,938 - INFO - Executing command 'west' for user Manorbis with args [].
2024-11-12 17:21:35,460 - INFO - Executing command 'south' for user Array with args [].
2024-11-12 17:21:37,201 - INFO - Executing command 'look' for user Array with args [].
2024-11-12 17:21:38,118 - INFO - Executing command 'east' for user Array with args [].
2024-11-12 17:21:39,265 - INFO - Executing command 'west' for user Array with args [].
2024-11-12 17:22:12,216 - INFO - Executing command 'status' for user Manorbis with args [].
2024-11-12 17:22:12,216 - ERROR - Error in state COMMAND: <lambda>() takes 2 positional arguments but 3 were given
Traceback (most recent call last):
  File "C:\EVE\MUDs\Ninja\Shinobi_mud\shinobi_mud_0.4.14.py", line 113, in lineReceived
    self.handle_command(command)
  File "C:\EVE\MUDs\Ninja\Shinobi_mud\shinobi_mud_0.4.14.py", line 162, in handle_command
    handler(self, players_in_rooms, *args)
  File "C:\EVE\MUDs\Ninja\Shinobi_mud\shinobi_mud_0.4.14.py", line 16, in <lambda>
    cmd: lambda *args, func=func: func(*args, cursor)
TypeError: <lambda>() takes 2 positional arguments but 3 were given
2024-11-12 17:22:15,362 - INFO - Executing command 'status' for user Manorbis with args [].
2024-11-12 17:22:15,362 - ERROR - Error in state COMMAND: <lambda>() takes 2 positional arguments but 3 were given
Traceback (most recent call last):
  File "C:\EVE\MUDs\Ninja\Shinobi_mud\shinobi_mud_0.4.14.py", line 113, in lineReceived
    self.handle_command(command)
  File "C:\EVE\MUDs\Ninja\Shinobi_mud\shinobi_mud_0.4.14.py", line 162, in handle_command
    handler(self, players_in_rooms, *args)
  File "C:\EVE\MUDs\Ninja\Shinobi_mud\shinobi_mud_0.4.14.py", line 16, in <lambda>
    cmd: lambda *args, func=func: func(*args, cursor)
TypeError: <lambda>() takes 2 positional arguments but 3 were given
2024-11-12 17:22:23,250 - INFO - Executing command 'status' for user Array with args [].
2024-11-12 17:22:23,250 - ERROR - Error in state COMMAND: <lambda>() takes 2 positional arguments but 3 were given
Traceback (most recent call last):
  File "C:\EVE\MUDs\Ninja\Shinobi_mud\shinobi_mud_0.4.14.py", line 113, in lineReceived
    self.handle_command(command)
  File "C:\EVE\MUDs\Ninja\Shinobi_mud\shinobi_mud_0.4.14.py", line 162, in handle_command
    handler(self, players_in_rooms, *args)
  File "C:\EVE\MUDs\Ninja\Shinobi_mud\shinobi_mud_0.4.14.py", line 16, in <lambda>
    cmd: lambda *args, func=func: func(*args, cursor)
TypeError: <lambda>() takes 2 positional arguments but 3 were given
2024-11-12 17:22:24,701 - WARNING - Unknown command 'stats' received from Array.
2024-11-12 17:23:19,397 - INFO - Executing command 'status' for user Array with args [].
2024-11-12 17:23:19,397 - ERROR - Error in state COMMAND: <lambda>() takes 2 positional arguments but 3 were given
Traceback (most recent call last):
  File "C:\EVE\MUDs\Ninja\Shinobi_mud\shinobi_mud_0.4.14.py", line 113, in lineReceived
    self.handle_command(command)
  File "C:\EVE\MUDs\Ninja\Shinobi_mud\shinobi_mud_0.4.14.py", line 162, in handle_command
    handler(self, players_in_rooms, *args)
  File "C:\EVE\MUDs\Ninja\Shinobi_mud\shinobi_mud_0.4.14.py", line 16, in <lambda>
    cmd: lambda *args, func=func: func(*args, cursor)
TypeError: <lambda>() takes 2 positional arguments but 3 were given
2024-11-12 17:35:50,889 - INFO - Database tables ensured and default rooms initialized.
2024-11-12 17:35:58,286 - INFO - Database tables ensured and default rooms initialized.
2024-11-12 17:36:03,316 - INFO - New connection established from IPv4Address(type='TCP', host='127.0.0.1', port=54724).
2024-11-12 17:36:17,847 - INFO - Player Array is now in room 1000.
2024-11-12 17:36:22,495 - INFO - Executing command 'status' for user Array with args [].
2024-11-12 17:36:22,495 - ERROR - Error in state COMMAND: <lambda>() takes from 1 to 2 positional arguments but 3 were given
Traceback (most recent call last):
  File "C:\EVE\MUDs\Ninja\Shinobi_mud\shinobi_mud_0.4.15.py", line 129, in lineReceived
    self.handle_command(command)
  File "C:\EVE\MUDs\Ninja\Shinobi_mud\shinobi_mud_0.4.15.py", line 187, in handle_command
    handler(self, players_in_rooms, *args)
  File "C:\EVE\MUDs\Ninja\Shinobi_mud\shinobi_mud_0.4.15.py", line 16, in <lambda>
    cmd: lambda *args, func=func: func(*args, cursor)
TypeError: <lambda>() takes from 1 to 2 positional arguments but 3 were given
2024-11-12 17:36:38,109 - INFO - New connection established from IPv4Address(type='TCP', host='127.0.0.1', port=54759).
2024-11-12 17:36:48,161 - INFO - New connection established from IPv4Address(type='TCP', host='127.0.0.1', port=54771).
2024-11-12 17:37:02,579 - INFO - New connection established from IPv4Address(type='TCP', host='127.0.0.1', port=54797).
2024-11-12 17:37:13,044 - INFO - Player Manorbis is now in room 1000.
2024-11-12 17:37:16,049 - INFO - Executing command 'east' for user Manorbis with args [].
2024-11-12 17:37:17,609 - INFO - Executing command 'west' for user Manorbis with args [].
2024-11-12 17:37:19,949 - INFO - Executing command 'look' for user Manorbis with args [].
2024-11-12 17:37:27,143 - INFO - Executing command 'east' for user Array with args [].
2024-11-12 17:37:28,373 - INFO - Executing command 'west' for user Array with args [].
2024-11-12 17:37:29,888 - INFO - Executing command 'look' for user Array with args [].
2024-11-12 17:40:20,937 - INFO - Executing command 'status' for user Array with args [].
2024-11-12 17:40:20,937 - ERROR - Error in state COMMAND: <lambda>() takes from 1 to 2 positional arguments but 3 were given
Traceback (most recent call last):
  File "C:\EVE\MUDs\Ninja\Shinobi_mud\shinobi_mud_0.4.15.py", line 129, in lineReceived
    self.handle_command(command)
  File "C:\EVE\MUDs\Ninja\Shinobi_mud\shinobi_mud_0.4.15.py", line 187, in handle_command
    handler(self, players_in_rooms, *args)
  File "C:\EVE\MUDs\Ninja\Shinobi_mud\shinobi_mud_0.4.15.py", line 16, in <lambda>
    cmd: lambda *args, func=func: func(*args, cursor)
TypeError: <lambda>() takes from 1 to 2 positional arguments but 3 were given
2024-11-12 17:40:25,546 - INFO - Executing command 'status' for user Manorbis with args [].
2024-11-12 17:40:25,546 - ERROR - Error in state COMMAND: <lambda>() takes from 1 to 2 positional arguments but 3 were given
Traceback (most recent call last):
  File "C:\EVE\MUDs\Ninja\Shinobi_mud\shinobi_mud_0.4.15.py", line 129, in lineReceived
    self.handle_command(command)
  File "C:\EVE\MUDs\Ninja\Shinobi_mud\shinobi_mud_0.4.15.py", line 187, in handle_command
    handler(self, players_in_rooms, *args)
  File "C:\EVE\MUDs\Ninja\Shinobi_mud\shinobi_mud_0.4.15.py", line 16, in <lambda>
    cmd: lambda *args, func=func: func(*args, cursor)
TypeError: <lambda>() takes from 1 to 2 positional arguments but 3 were given
2024-11-12 17:49:57,222 - INFO - Executing command 'look' for user Manorbis with args [].
2024-11-12 17:50:02,281 - INFO - Executing command 'look' for user Array with args [].
2024-11-12 17:55:25,861 - INFO - Database tables ensured and default rooms initialized.
2024-11-12 17:55:32,945 - INFO - New connection established from IPv4Address(type='TCP', host='127.0.0.1', port=56147).
2024-11-12 17:55:38,350 - INFO - Player Manorbis is now in room 1000.
2024-11-12 17:55:42,947 - INFO - New connection established from IPv4Address(type='TCP', host='127.0.0.1', port=56149).
2024-11-12 17:55:47,642 - INFO - Player Array is now in room 1000.
2024-11-12 17:55:50,110 - INFO - Executing command 'east' for user Array with args [].
2024-11-12 17:55:50,110 - INFO - Player Array left room 1000.
2024-11-12 17:55:50,111 - INFO - Player Array is now in room 2003.
2024-11-12 17:55:51,097 - INFO - Executing command 'west' for user Array with args [].
2024-11-12 17:55:51,097 - INFO - Player Array left room 2003.
2024-11-12 17:55:51,098 - INFO - Player Array is now in room 1000.
2024-11-12 17:55:52,647 - INFO - Executing command 'look' for user Array with args [].
2024-11-12 17:55:54,899 - INFO - Executing command 'west' for user Array with args [].
2024-11-12 17:55:54,899 - INFO - Player Array left room 1000.
2024-11-12 17:55:54,900 - INFO - Player Array is now in room 2004.
2024-11-12 17:55:55,984 - INFO - Executing command 'east' for user Array with args [].
2024-11-12 17:55:55,984 - INFO - Player Array left room 2004.
2024-11-12 17:55:55,985 - INFO - Player Array is now in room 1000.
2024-11-12 17:56:06,102 - INFO - Executing command 'status' for user Array with args [].
2024-11-12 17:56:06,102 - ERROR - Error in state COMMAND: name 'handle_status' is not defined
Traceback (most recent call last):
  File "C:\EVE\MUDs\Ninja\Shinobi_mud\shinobi_mud_0.4.15.py", line 128, in lineReceived
    self.handle_command(command)
  File "C:\EVE\MUDs\Ninja\Shinobi_mud\shinobi_mud_0.4.15.py", line 186, in handle_command
    handler(self, players_in_rooms, *args)
  File "C:\EVE\MUDs\Ninja\Shinobi_mud\shinobi_mud_0.4.15.py", line 16, in <lambda>
    "status": lambda protocol, players_in_rooms=None: handle_status(protocol, cursor, players_in_rooms)
NameError: name 'handle_status' is not defined
2024-11-12 18:14:09,446 - INFO - Database tables ensured and default rooms initialized.
2024-11-12 18:14:13,959 - INFO - New connection established from IPv4Address(type='TCP', host='127.0.0.1', port=57510).
2024-11-12 18:14:34,052 - INFO - New connection established from IPv4Address(type='TCP', host='127.0.0.1', port=57535).
2024-11-12 18:14:51,152 - INFO - Executing command 'east' for user Manorbis with args [].
2024-11-12 18:14:52,074 - INFO - Executing command 'west' for user Manorbis with args [].
2024-11-12 18:14:54,306 - INFO - Executing command 'look' for user Manorbis with args [].
2024-11-12 18:15:01,539 - INFO - Executing command 'status' for user Manorbis with args [].
2024-11-12 18:15:01,539 - ERROR - Error in state COMMAND: name 'cursor' is not defined
Traceback (most recent call last):
  File "C:\EVE\MUDs\Ninja\Shinobi_mud\shinobi_mud_0.4.15.py", line 116, in lineReceived
    self.handle_command(command)
  File "C:\EVE\MUDs\Ninja\Shinobi_mud\shinobi_mud_0.4.15.py", line 174, in handle_command
    handler(self, players_in_rooms, *args)
  File "C:\EVE\MUDs\Ninja\Shinobi_mud\general_commands.py", line 76, in <lambda>
    "status": lambda protocol, players_in_rooms=None: handle_status(protocol, cursor, players_in_rooms)
NameError: name 'cursor' is not defined
2024-11-12 18:16:06,315 - INFO - Executing command 'east' for user Array with args [].
2024-11-12 18:16:07,430 - INFO - Executing command 'east' for user Array with args [].
2024-11-12 18:16:11,155 - INFO - Executing command 'east' for user Manorbis with args [].
2024-11-12 18:16:12,107 - INFO - Executing command 'east' for user Manorbis with args [].
2024-11-12 18:16:14,741 - WARNING - Unknown command 'l' received from Manorbis.
2024-11-12 18:27:00,384 - INFO - Database tables ensured and default rooms initialized.
2024-11-12 18:27:09,525 - INFO - New connection established from IPv4Address(type='TCP', host='127.0.0.1', port=58492).
2024-11-12 18:27:12,642 - INFO - Player Array is now in room 1000.
2024-11-12 18:27:14,019 - INFO - Executing command 'status' for user Array with args [].
2024-11-12 18:27:14,020 - ERROR - Error in state COMMAND: name 'cursor' is not defined
Traceback (most recent call last):
  File "C:\EVE\MUDs\Ninja\Shinobi_mud\shinobi_mud_0.4.15.py", line 121, in lineReceived
    self.handle_command(command)
  File "C:\EVE\MUDs\Ninja\Shinobi_mud\shinobi_mud_0.4.15.py", line 179, in handle_command
    handler(self, players_in_rooms, *args)
  File "C:\EVE\MUDs\Ninja\Shinobi_mud\general_commands.py", line 79, in <lambda>
    "status": lambda protocol, players_in_rooms=None: handle_status(protocol, cursor, players_in_rooms)
NameError: name 'cursor' is not defined
2024-11-12 18:27:19,018 - INFO - New connection established from IPv4Address(type='TCP', host='127.0.0.1', port=58515).
2024-11-12 18:27:22,365 - INFO - Player Manorbis is now in room 1000.
2024-11-12 18:27:24,064 - INFO - Executing command 'east' for user Manorbis with args [].
2024-11-12 18:27:24,064 - INFO - Player Manorbis left room 1000.
2024-11-12 18:27:24,069 - INFO - Player Manorbis is now in room 2003.
2024-11-12 18:27:24,871 - INFO - Executing command 'west' for user Manorbis with args [].
2024-11-12 18:27:24,871 - INFO - Player Manorbis left room 2003.
2024-11-12 18:27:24,872 - INFO - Player Manorbis is now in room 1000.
2024-11-12 18:28:00,007 - INFO - Executing command 'east' for user Manorbis with args [].
2024-11-12 18:28:00,007 - INFO - Player Manorbis left room 1000.
2024-11-12 18:28:00,008 - INFO - Player Manorbis is now in room 2003.
2024-11-12 18:28:02,270 - INFO - Executing command 'east' for user Manorbis with args [].
2024-11-12 18:28:02,270 - INFO - Player Manorbis left room 2003.
2024-11-12 18:28:02,271 - INFO - Player Manorbis is now in room 2005.
2024-11-12 18:28:06,243 - INFO - Executing command 'east' for user Array with args [].
2024-11-12 18:28:06,243 - INFO - Player Array left room 1000.
2024-11-12 18:28:06,244 - INFO - Player Array is now in room 2003.
2024-11-12 18:28:07,550 - INFO - Executing command 'east' for user Array with args [].
2024-11-12 18:28:07,550 - INFO - Player Array left room 2003.
2024-11-12 18:28:07,551 - INFO - Player Array is now in room 2005.
2024-11-12 18:28:10,117 - INFO - Executing command 'status' for user Array with args [].
2024-11-12 18:28:10,117 - ERROR - Error in state COMMAND: name 'cursor' is not defined
Traceback (most recent call last):
  File "C:\EVE\MUDs\Ninja\Shinobi_mud\shinobi_mud_0.4.15.py", line 121, in lineReceived
    self.handle_command(command)
  File "C:\EVE\MUDs\Ninja\Shinobi_mud\shinobi_mud_0.4.15.py", line 179, in handle_command
    handler(self, players_in_rooms, *args)
  File "C:\EVE\MUDs\Ninja\Shinobi_mud\general_commands.py", line 79, in <lambda>
    "status": lambda protocol, players_in_rooms=None: handle_status(protocol, cursor, players_in_rooms)
NameError: name 'cursor' is not defined
2024-11-12 18:28:18,577 - INFO - Connection lost for user Array. Reason: [Failure instance: Traceback (failure with no frames): <class 'twisted.internet.error.ConnectionLost'>: Connection to the other side was lost in a non-clean fashion.
]
2024-11-12 18:28:25,080 - INFO - Player Array left room 2005.
2024-11-12 18:28:46,889 - INFO - Executing command 'status' for user Manorbis with args [].
2024-11-12 18:28:46,889 - ERROR - Error in state COMMAND: name 'cursor' is not defined
Traceback (most recent call last):
  File "C:\EVE\MUDs\Ninja\Shinobi_mud\shinobi_mud_0.4.15.py", line 121, in lineReceived
    self.handle_command(command)
  File "C:\EVE\MUDs\Ninja\Shinobi_mud\shinobi_mud_0.4.15.py", line 179, in handle_command
    handler(self, players_in_rooms, *args)
  File "C:\EVE\MUDs\Ninja\Shinobi_mud\general_commands.py", line 79, in <lambda>
    "status": lambda protocol, players_in_rooms=None: handle_status(protocol, cursor, players_in_rooms)
NameError: name 'cursor' is not defined
2024-11-12 18:31:49,564 - INFO - Database tables ensured and default rooms initialized.
2024-11-12 18:31:52,938 - INFO - New connection established from IPv4Address(type='TCP', host='127.0.0.1', port=58847).
2024-11-12 18:31:56,056 - INFO - Player Array is now in room 1000.
2024-11-12 18:31:57,842 - INFO - Executing command 'status' for user Array with args [].
2024-11-12 18:32:03,912 - INFO - New connection established from IPv4Address(type='TCP', host='127.0.0.1', port=58870).
2024-11-12 18:32:08,449 - INFO - Player Manorbis is now in room 1000.
2024-11-12 18:32:10,806 - INFO - Executing command 'status' for user Manorbis with args [].
2024-11-12 18:32:12,432 - INFO - Executing command 'say' for user Manorbis with args ['hi'].
2024-11-12 18:32:17,101 - INFO - Executing command 'ooc' for user Array with args ['howdy'].
2024-11-12 18:32:26,585 - INFO - Executing command 'east' for user Manorbis with args [].
2024-11-12 18:32:26,586 - INFO - Player Manorbis left room 1000.
2024-11-12 18:32:26,586 - INFO - Player Manorbis is now in room 2003.
2024-11-12 18:32:27,558 - INFO - Executing command 'west' for user Manorbis with args [].
2024-11-12 18:32:27,558 - INFO - Player Manorbis left room 2003.
2024-11-12 18:32:27,558 - INFO - Player Manorbis is now in room 1000.
2024-11-12 18:32:28,940 - WARNING - Unknown command 'l' received from Manorbis.
2024-11-12 18:36:14,600 - INFO - Executing command 'look' for user Manorbis with args [].
2024-11-12 18:36:15,614 - INFO - Executing command 'look' for user Manorbis with args [].
2024-11-12 18:36:16,393 - INFO - Executing command 'look' for user Manorbis with args [].
2024-11-12 18:36:26,135 - INFO - Executing command 'say' for user Manorbis with args ['hi'].
2024-11-12 18:36:34,351 - INFO - Executing command 'look' for user Array with args [].
2024-11-12 18:39:19,007 - INFO - Executing command 'east' for user Array with args [].
2024-11-12 18:39:19,008 - INFO - Player Array left room 1000.
2024-11-12 18:39:19,008 - INFO - Player Array is now in room 2003.
2024-11-12 18:39:20,083 - INFO - Executing command 'east' for user Array with args [].
2024-11-12 18:39:20,084 - INFO - Player Array left room 2003.
2024-11-12 18:39:20,085 - INFO - Player Array is now in room 2005.
2024-11-12 18:39:21,940 - INFO - Executing command 'look' for user Array with args [].
2024-11-12 18:39:26,406 - INFO - Executing command 'say' for user Array with args ['hi'].
2024-11-12 18:39:31,570 - INFO - Executing command 'east' for user Manorbis with args [].
2024-11-12 18:39:31,571 - INFO - Player Manorbis left room 1000.
2024-11-12 18:39:31,572 - INFO - Player Manorbis is now in room 2003.
2024-11-12 18:39:32,634 - INFO - Executing command 'east' for user Manorbis with args [].
2024-11-12 18:39:32,635 - INFO - Player Manorbis left room 2003.
2024-11-12 18:39:32,636 - INFO - Player Manorbis is now in room 2005.
2024-11-12 18:39:35,025 - INFO - Executing command 'look' for user Manorbis with args [].
2024-11-12 18:39:37,800 - WARNING - Unknown command 'sayhi' received from Manorbis.
2024-11-12 18:39:39,340 - INFO - Executing command 'say' for user Manorbis with args ['hi'].
2024-11-12 18:42:00,906 - INFO - Database tables ensured and default rooms initialized.
2024-11-12 18:42:09,711 - INFO - New connection established from IPv4Address(type='TCP', host='127.0.0.1', port=59587).
2024-11-12 18:42:12,952 - INFO - Player Array is now in room 1000.
2024-11-12 18:42:12,952 - INFO - User Array checking room 1000. Others here: []
2024-11-12 18:42:18,238 - INFO - New connection established from IPv4Address(type='TCP', host='127.0.0.1', port=59610).
2024-11-12 18:42:24,584 - INFO - Player Manorbis is now in room 1000.
2024-11-12 18:42:24,584 - INFO - User Manorbis checking room 1000. Others here: ['Array']
2024-11-12 18:42:26,797 - INFO - Executing command 'east' for user Manorbis with args [].
2024-11-12 18:42:26,797 - INFO - Player Manorbis left room 1000.
2024-11-12 18:42:26,798 - INFO - Player Manorbis is now in room 2003.
2024-11-12 18:42:27,709 - INFO - Executing command 'west' for user Manorbis with args [].
2024-11-12 18:42:27,709 - INFO - Player Manorbis left room 2003.
2024-11-12 18:42:27,709 - INFO - Player Manorbis is now in room 1000.
2024-11-12 18:42:29,100 - INFO - Executing command 'east' for user Manorbis with args [].
2024-11-12 18:42:29,100 - INFO - Player Manorbis left room 1000.
2024-11-12 18:42:29,101 - INFO - Player Manorbis is now in room 2003.
2024-11-12 18:42:30,248 - INFO - Executing command 'east' for user Manorbis with args [].
2024-11-12 18:42:30,248 - INFO - Player Manorbis left room 2003.
2024-11-12 18:42:30,249 - INFO - Player Manorbis is now in room 2005.
2024-11-12 18:42:31,714 - INFO - Executing command 'east' for user Manorbis with args [].
2024-11-12 18:42:31,714 - INFO - Player Manorbis left room 2005.
2024-11-12 18:42:34,360 - INFO - Executing command 'east' for user Array with args [].
2024-11-12 18:42:34,360 - INFO - Player Array left room 1000.
2024-11-12 18:42:34,361 - INFO - Player Array is now in room 2003.
2024-11-12 18:42:35,238 - INFO - Executing command 'east' for user Array with args [].
2024-11-12 18:42:35,239 - INFO - Player Array left room 2003.
2024-11-12 18:42:35,240 - INFO - Player Array is now in room 2005.
2024-11-12 18:42:36,053 - INFO - Executing command 'east' for user Array with args [].
2024-11-12 18:42:36,053 - INFO - Player Array left room 2005.
2024-11-12 18:42:37,172 - INFO - Executing command 'look' for user Array with args [].
2024-11-12 18:42:38,371 - INFO - Executing command 'say' for user Array with args ['hi'].
2024-11-12 18:42:42,685 - INFO - Executing command 'east' for user Manorbis with args [].
2024-11-12 18:42:42,685 - INFO - Player Manorbis left room 2005.
2024-11-12 18:42:47,084 - INFO - Executing command 'say' for user Array with args ['hi?'].
2024-11-12 18:42:52,741 - INFO - Executing command 'say' for user Manorbis with args ['hi'].
2024-11-12 18:43:44,998 - INFO - Executing command 'status' for user Manorbis with args [].
2024-11-12 18:45:31,784 - INFO - Executing command 'copyover' for user Manorbis with args [].
2024-11-12 18:45:31,785 - INFO - User Manorbis initiated copyover.
2024-11-12 18:45:32,031 - INFO - Database tables ensured and default rooms initialized.
2024-11-12 18:45:41,656 - INFO - New connection established from IPv4Address(type='TCP', host='127.0.0.1', port=59852).
2024-11-12 18:45:44,131 - INFO - Player Array is now in room 1000.
2024-11-12 18:45:44,131 - INFO - User Array checking room 1000. Others here: []
2024-11-12 18:45:49,404 - INFO - New connection established from IPv4Address(type='TCP', host='127.0.0.1', port=59864).
2024-11-12 18:45:56,154 - INFO - Player Manorbis is now in room 1000.
2024-11-12 18:45:56,154 - INFO - User Manorbis checking room 1000. Others here: ['Array']
2024-11-12 18:45:59,173 - INFO - Executing command 'say' for user Manorbis with args ['hi'].
2024-11-12 18:46:01,820 - INFO - Executing command 'east' for user Array with args [].
2024-11-12 18:46:01,820 - INFO - Player Array left room 1000.
2024-11-12 18:46:01,825 - INFO - Player Array is now in room 2003.
2024-11-12 18:46:04,514 - INFO - Executing command 'say' for user Manorbis with args ['hi'].
2024-11-12 18:46:07,227 - INFO - Executing command 'east' for user Manorbis with args [].
2024-11-12 18:46:07,227 - INFO - Player Manorbis left room 1000.
2024-11-12 18:46:07,228 - INFO - Player Manorbis is now in room 2003.
2024-11-12 18:46:08,474 - INFO - Executing command 'look' for user Manorbis with args [].
2024-11-12 18:46:13,891 - INFO - Executing command 'say' for user Manorbis with args ['hi'].
2024-11-12 18:46:18,303 - INFO - Executing command 'say' for user Array with args ['howdy'].
2024-11-12 18:46:54,761 - INFO - Executing command 'copyover' for user Manorbis with args [].
2024-11-12 18:46:54,761 - INFO - User Manorbis initiated copyover.
2024-11-12 18:46:54,999 - INFO - Database tables ensured and default rooms initialized.
2024-11-12 18:46:57,022 - INFO - New connection established from IPv4Address(type='TCP', host='127.0.0.1', port=59950).
2024-11-12 18:47:00,314 - INFO - Player Array is now in room 1000.
2024-11-12 18:47:00,315 - INFO - User Array checking room 1000. Others here: []
2024-11-12 18:47:05,607 - INFO - New connection established from IPv4Address(type='TCP', host='127.0.0.1', port=59962).
2024-11-12 18:47:09,008 - INFO - Player Manorbis is now in room 1000.
2024-11-12 18:47:09,008 - INFO - User Manorbis checking room 1000. Others here: ['Array']
2024-11-12 18:47:10,409 - INFO - Executing command 'look' for user Manorbis with args [].
2024-11-12 18:50:54,000 - INFO - Database tables ensured and default rooms initialized.
2024-11-12 18:51:00,650 - INFO - New connection established from IPv4Address(type='TCP', host='127.0.0.1', port=60250).
2024-11-12 18:51:03,707 - INFO - Player Array is now in room 1000.
2024-11-12 18:51:03,707 - INFO - User Array checking room 1000. Others here: []
2024-11-12 18:51:09,412 - INFO - New connection established from IPv4Address(type='TCP', host='127.0.0.1', port=60273).
2024-11-12 18:51:20,350 - INFO - Player Manorbis is now in room 1000.
2024-11-12 18:51:20,350 - INFO - User Manorbis checking room 1000. Others here: ['Array']
2024-11-12 18:51:22,243 - INFO - Executing command 'east' for user Manorbis with args [].
2024-11-12 18:51:22,243 - INFO - Player Manorbis left room 1000.
2024-11-12 18:51:22,244 - INFO - Player Manorbis is now in room 2003.
2024-11-12 18:51:22,244 - ERROR - Room with ID 2003 not found for user Manorbis.
2024-11-12 18:51:23,410 - INFO - Executing command 'west' for user Manorbis with args [].
2024-11-12 18:51:23,410 - INFO - Player Manorbis left room 2003.
2024-11-12 18:51:23,411 - INFO - Player Manorbis is now in room 1000.
2024-11-12 18:51:23,411 - INFO - User Manorbis checking room 1000. Others here: ['Array']
2024-11-12 18:51:25,165 - INFO - Executing command 'east' for user Manorbis with args [].
2024-11-12 18:51:25,165 - INFO - Player Manorbis left room 1000.
2024-11-12 18:51:25,166 - INFO - Player Manorbis is now in room 2003.
2024-11-12 18:51:25,166 - ERROR - Room with ID 2003 not found for user Manorbis.
2024-11-12 18:51:27,261 - INFO - Executing command 'east' for user Array with args [].
2024-11-12 18:51:27,262 - INFO - Player Array left room 1000.
2024-11-12 18:51:27,262 - INFO - Player Array is now in room 2003.
2024-11-12 18:51:27,263 - ERROR - Room with ID 2003 not found for user Array.
2024-11-12 18:51:29,583 - WARNING - Unknown command 'l' received from Array.
2024-11-12 18:51:31,143 - INFO - Executing command 'look' for user Array with args [].
2024-11-12 18:51:32,762 - INFO - Executing command 'east' for user Array with args [].
2024-11-12 18:51:32,763 - INFO - Player Array left room 2003.
2024-11-12 18:51:32,763 - INFO - Player Array is now in room 2005.
2024-11-12 18:51:32,763 - ERROR - Room with ID 2005 not found for user Array.
2024-11-12 18:51:37,074 - INFO - Executing command 'look' for user Array with args [].
2024-11-12 18:51:41,699 - INFO - Executing command 'east' for user Manorbis with args [].
2024-11-12 18:51:41,699 - INFO - Player Manorbis left room 2003.
2024-11-12 18:51:41,700 - INFO - Player Manorbis is now in room 2005.
2024-11-12 18:51:41,700 - ERROR - Room with ID 2005 not found for user Manorbis.
2024-11-12 18:51:42,760 - INFO - Executing command 'east' for user Manorbis with args [].
2024-11-12 18:51:42,760 - INFO - Player Manorbis left room 2005.
2024-11-12 18:51:44,669 - WARNING - Unknown command 'loook' received from Manorbis.
2024-11-12 18:51:46,015 - INFO - Executing command 'look' for user Manorbis with args [].
2024-11-12 18:51:47,216 - INFO - Executing command 'west' for user Manorbis with args [].
2024-11-12 18:51:47,216 - INFO - Player Manorbis left room 2005.
2024-11-12 18:51:47,218 - INFO - Player Manorbis is now in room 1003.
2024-11-12 18:51:47,218 - INFO - User Manorbis checking room 1003. Others here: []
2024-11-12 18:51:49,266 - INFO - Executing command 'west' for user Array with args [].
2024-11-12 18:51:49,266 - INFO - Player Array left room 2005.
2024-11-12 18:51:49,267 - INFO - Player Array is now in room 1003.
2024-11-12 18:51:49,267 - INFO - User Array checking room 1003. Others here: ['Manorbis']
2024-11-12 18:51:52,595 - INFO - Executing command 'look' for user Manorbis with args [].
2024-11-12 18:52:00,480 - INFO - Executing command 'east' for user Manorbis with args [].
2024-11-12 18:52:00,480 - INFO - Player Manorbis left room 1003.
2024-11-12 18:52:01,327 - INFO - Executing command 'west' for user Manorbis with args [].
2024-11-12 18:52:01,327 - INFO - Player Manorbis left room 1003.
2024-11-12 18:52:05,008 - INFO - Executing command 'look' for user Manorbis with args [].
2024-11-12 18:52:15,000 - INFO - Executing command 'goto' for user Manorbis with args ['2001'].
2024-11-12 18:52:16,464 - INFO - Executing command 'look' for user Manorbis with args [].
2024-11-12 18:52:19,937 - INFO - Executing command 'south' for user Manorbis with args [].
2024-11-12 18:52:19,937 - INFO - Player Manorbis left room 2001.
2024-11-12 18:52:19,938 - INFO - Player Manorbis is now in room 1000.
2024-11-12 18:52:19,938 - INFO - User Manorbis checking room 1000. Others here: []
2024-11-12 18:52:21,104 - INFO - Executing command 'east' for user Manorbis with args [].
2024-11-12 18:52:21,105 - INFO - Player Manorbis left room 1000.
2024-11-12 18:52:21,106 - INFO - Player Manorbis is now in room 2003.
2024-11-12 18:52:21,106 - ERROR - Room with ID 2003 not found for user Manorbis.
2024-11-12 18:52:22,693 - INFO - Executing command 'look' for user Manorbis with args [].
2024-11-12 18:52:25,999 - INFO - Executing command 'east' for user Manorbis with args [].
2024-11-12 18:52:25,999 - INFO - Player Manorbis left room 2003.
2024-11-12 18:52:26,000 - INFO - Player Manorbis is now in room 2005.
2024-11-12 18:52:26,001 - ERROR - Room with ID 2005 not found for user Manorbis.
2024-11-12 18:52:27,604 - INFO - Executing command 'east' for user Manorbis with args [].
2024-11-12 18:52:27,605 - INFO - Player Manorbis left room 2005.
2024-11-12 18:52:29,358 - INFO - Executing command 'west' for user Manorbis with args [].
2024-11-12 18:52:29,358 - INFO - Player Manorbis left room 2005.
2024-11-12 18:52:29,359 - INFO - Player Manorbis is now in room 1003.
2024-11-12 18:52:29,360 - INFO - User Manorbis checking room 1003. Others here: ['Array']
2024-11-12 18:56:22,040 - INFO - Database tables ensured and default rooms initialized.
2024-11-12 18:56:34,747 - INFO - New connection established from IPv4Address(type='TCP', host='127.0.0.1', port=60679).
2024-11-12 18:56:38,761 - INFO - Player Array is now in room 1000.
2024-11-12 18:56:38,761 - INFO - User Array checking room 1000. Others here: []
2024-11-12 18:56:40,234 - INFO - Executing command 'look' for user Array with args [].
2024-11-12 18:56:44,073 - INFO - Executing command 'east' for user Array with args [].
2024-11-12 18:56:44,073 - INFO - Player Array left room 1000.
2024-11-12 18:56:45,474 - INFO - Executing command 'west' for user Array with args [].
2024-11-12 18:56:45,474 - INFO - Player Array left room 1000.
2024-11-12 18:56:47,258 - INFO - Executing command 'look' for user Array with args [].
2024-11-12 18:58:02,882 - INFO - Executing command 'createzone' for user Array with args ['Expanse 2000 2099'].
2024-11-12 18:58:02,882 - INFO - Creating zone file at: zones\Expanse.json
2024-11-12 18:58:02,882 - INFO - Zone Expanse created with range 2000-2099.
2024-11-12 18:58:34,813 - INFO - Executing command 'dig' for user Array with args ['north The entrance to the expanse!'].
2024-11-12 18:58:42,222 - INFO - Executing command 'goto' for user Array with args ['2000'].
2024-11-12 18:58:57,448 - INFO - Executing command 'goto' for user Array with args ['2001'].
2024-11-12 18:59:04,378 - WARNING - Unknown command 'link' received from Array.
2024-11-12 18:59:31,694 - INFO - Executing command 'goto' for user Array with args ['2000'].
2024-11-12 18:59:35,633 - INFO - Executing command 'look' for user Array with args [].
2024-11-12 18:59:52,181 - INFO - Executing command 'copyover' for user Array with args [].
2024-11-12 18:59:52,181 - INFO - User Array initiated copyover.
2024-11-12 18:59:52,429 - INFO - Database tables ensured and default rooms initialized.
2024-11-12 18:59:54,142 - INFO - New connection established from IPv4Address(type='TCP', host='127.0.0.1', port=60913).
2024-11-12 18:59:59,124 - INFO - Player Array is now in room 1000.
2024-11-12 18:59:59,125 - INFO - User Array checking room 1000. Others here: []
2024-11-12 19:00:01,234 - WARNING - Unknown command 'e' received from Array.
2024-11-12 19:00:02,543 - INFO - Executing command 'east' for user Array with args [].
2024-11-12 19:00:02,543 - INFO - Player Array left room 1000.
2024-11-12 19:00:03,972 - INFO - Executing command 'look' for user Array with args [].
2024-11-12 19:00:06,806 - INFO - Executing command 'west' for user Array with args [].
2024-11-12 19:00:06,807 - INFO - Player Array left room 1000.
2024-11-12 19:00:08,680 - INFO - Executing command 'north' for user Array with args [].
2024-11-12 19:00:08,680 - INFO - Player Array left room 1000.
2024-11-12 19:00:10,623 - INFO - Executing command 'look' for user Array with args [].
2024-11-12 19:00:13,616 - INFO - Executing command 'goto' for user Array with args ['1000'].
2024-11-12 19:00:55,920 - INFO - Executing command 'goto' for user Array with args ['2000'].
2024-11-12 19:01:12,086 - INFO - Executing command 'copyover' for user Array with args [].
2024-11-12 19:01:12,086 - INFO - User Array initiated copyover.
2024-11-12 19:01:12,325 - INFO - Database tables ensured and default rooms initialized.
2024-11-12 19:01:15,942 - INFO - New connection established from IPv4Address(type='TCP', host='127.0.0.1', port=61025).
2024-11-12 19:01:19,354 - INFO - Player Array is now in room 1000.
2024-11-12 19:01:19,355 - INFO - User Array checking room 1000. Others here: []
2024-11-12 19:02:21,698 - INFO - Executing command 'copyover' for user Array with args [].
2024-11-12 19:02:21,699 - INFO - User Array initiated copyover.
2024-11-12 19:02:21,943 - INFO - Database tables ensured and default rooms initialized.
2024-11-12 19:02:23,587 - INFO - New connection established from IPv4Address(type='TCP', host='127.0.0.1', port=61110).
2024-11-12 19:02:26,284 - INFO - Player Array is now in room 1000.
2024-11-12 19:02:26,284 - INFO - User Array checking room 1000. Others here: []
2024-11-12 19:02:29,392 - INFO - Executing command 'north' for user Array with args [].
2024-11-12 19:02:29,392 - INFO - Player Array left room 1000.
2024-11-12 19:02:32,257 - INFO - Executing command 'goto' for user Array with args ['2000'].
2024-11-12 19:02:37,798 - WARNING - Unknown command 'sigh' received from Array.
2024-11-12 19:08:36,458 - INFO - Database tables ensured and default rooms initialized.
2024-11-12 19:08:36,785 - INFO - New connection established from IPv4Address(type='TCP', host='127.0.0.1', port=61583).
2024-11-12 19:08:46,287 - INFO - Player Array is now in room 1000.
2024-11-12 19:08:46,288 - INFO - User Array checking room 1000. Others here: []
2024-11-12 19:08:49,007 - INFO - Executing command 'goto' for user Array with args ['2000'].
2024-11-12 19:08:55,448 - INFO - Executing command 'look' for user Array with args [].
2024-11-12 19:09:05,732 - INFO - Database tables ensured and default rooms initialized.
2024-11-12 19:09:09,615 - INFO - New connection established from IPv4Address(type='TCP', host='127.0.0.1', port=61624).
2024-11-12 19:09:12,926 - INFO - Player Array is now in room 1000.
2024-11-12 19:09:12,926 - INFO - User Array checking room 1000. Others here: []
2024-11-12 19:09:14,953 - INFO - Executing command 'look' for user Array with args [].
2024-11-12 19:09:50,280 - INFO - Connection lost for user Array. Reason: [Failure instance: Traceback (failure with no frames): <class 'twisted.internet.error.ConnectionDone'>: Connection was closed cleanly.
]
2024-11-12 19:09:50,281 - INFO - Player Array left room 1000.
